%!Adobe-FontList 1.16
%Locale:0x409

%BeginFont
Handler:DirectoryHandler
FontType:Type1
FontName:MinionPro-Regular
FamilyName:Minion Pro
StyleName:Regular
MenuName:Minion Pro
StyleBits:0
WeightClass:400
WidthClass:5
AngleClass:0
FullName:Minion Pro
WritingScript:Roman
OutlineFileName:\MinionPro-Regular.otf
DataFormat:sfntData
UsesStandardEncoding:yes
isCFF:yes
FileLength:218640
FileModTime:1430144624
DesignSize:110
NameArray:0,Mac,4,Minion Pro
NameArray:0,Win,1,Minion Pro
%EndFont

%BeginFont
Handler:DirectoryHandler
FontType:TrueType
FontName:Quicksand-Light
FamilyName:Quicksand
StyleName:Light
MenuName:Quicksand Light
StyleBits:0
WeightClass:300
WidthClass:5
AngleClass:0
FullName:Quicksand Light
WritingScript:Roman
OutlineFileName:\Quicksand-Light.ttf
DataFormat:sfntData
FileLength:77104
FileModTime:1318986000
NameArray:0,Win,1,Quicksand Light
NameArray:0,Win,16,Quicksand
%EndFont

%BeginFont
Handler:DirectoryHandler
FontType:TrueType
FontName:Quicksand-Medium
FamilyName:Quicksand
StyleName:Medium
MenuName:Quicksand Medium
StyleBits:0
WeightClass:500
WidthClass:5
AngleClass:0
FullName:Quicksand Medium
WritingScript:Roman
OutlineFileName:\Quicksand-Medium.ttf
DataFormat:sfntData
FileLength:77464
FileModTime:1318986000
NameArray:0,Win,1,Quicksand Medium
NameArray:0,Win,16,Quicksand
%EndFont

%BeginFont
Handler:DirectoryHandler
FontType:TrueType
FontName:Quicksand-Regular
FamilyName:Quicksand
StyleName:Regular
MenuName:Quicksand
StyleBits:0
WeightClass:400
WidthClass:5
AngleClass:0
FullName:Quicksand Regular
WritingScript:Roman
OutlineFileName:\Quicksand-Regular.ttf
DataFormat:sfntData
FileLength:77420
FileModTime:1318986000
NameArray:0,Win,1,Quicksand
%EndFont

%BeginFont
Handler:DirectoryHandler
FontType:TrueType
FontName:Quicksand-SemiBold
FamilyName:Quicksand
StyleName:SemiBold
MenuName:Quicksand SemiBold
StyleBits:0
WeightClass:600
WidthClass:5
AngleClass:0
FullName:Quicksand SemiBold
WritingScript:Roman
OutlineFileName:\Quicksand-SemiBold.ttf
DataFormat:sfntData
FileLength:77396
FileModTime:1318986000
NameArray:0,Win,1,Quicksand SemiBold
NameArray:0,Win,16,Quicksand
%EndFont

