%!Adobe-FontList 1.23
%Locale:0x409

%BeginFont
Handler:DirectoryHandler
FontType:Invalid
OutlineFileName:/Users/abraham/Documents/InDesign/MassArt Thesis Catalog 21 Folder/gitVersion/MassArt-Thesis-Catalog-21-Folder/Document fonts/AdobeFnt16.lst
FileLength:2118
FileModTime:722985625
%EndFont

%BeginFont
Handler:DirectoryHandler
FontType:Invalid
OutlineFileName:/Users/abraham/Documents/InDesign/MassArt Thesis Catalog 21 Folder/gitVersion/MassArt-Thesis-Catalog-21-Folder/Document fonts/AdobeFnt22.lst
FileLength:3271
FileModTime:722985625
%EndFont

%BeginFont
Handler:DirectoryHandler
FontType:Invalid
OutlineFileName:/Users/abraham/Documents/InDesign/MassArt Thesis Catalog 21 Folder/gitVersion/MassArt-Thesis-Catalog-21-Folder/Document fonts/AdobeFnt23.lst
FileLength:3511
FileModTime:722985625
%EndFont

%BeginFont
Handler:DirectoryHandler
FontType:Type1
FontName:MinionPro-Regular
FamilyName:Minion Pro
StyleName:Regular
MenuName:Minion Pro
StyleBits:0
WeightClass:400
WidthClass:5
AngleClass:0
FullName:Minion Pro
WritingScript:Roman
OutlineFileName:/Users/abraham/Documents/InDesign/MassArt Thesis Catalog 21 Folder/gitVersion/MassArt-Thesis-Catalog-21-Folder/Document fonts/MinionPro-Regular.otf
DataFormat:sfntData
UsesStandardEncoding:yes
isCFF:yes
hasSVG:no
VariableFontType:NonVariableFont
FileLength:218640
FileModTime:722985625
DesignSize:110
NameArray:0,Mac,4,Minion Pro
NameArray:0,Win,1,Minion Pro
%EndFont

%BeginFont
Handler:DirectoryHandler
FontType:TrueType
FontName:Quicksand-Light
FamilyName:Quicksand
StyleName:Light
MenuName:Quicksand Light
StyleBits:0
WeightClass:300
WidthClass:5
AngleClass:0
FullName:Quicksand Light
WritingScript:Roman
OutlineFileName:/Users/abraham/Documents/InDesign/MassArt Thesis Catalog 21 Folder/gitVersion/MassArt-Thesis-Catalog-21-Folder/Document fonts/Quicksand-Light.ttf
DataFormat:sfntData
hasSVG:no
VariableFontType:NonVariableFont
FileLength:77104
FileModTime:722985625
NameArray:0,Win,1,Quicksand Light
NameArray:0,Win,16,Quicksand
%EndFont

%BeginFont
Handler:DirectoryHandler
FontType:TrueType
FontName:Quicksand-Medium
FamilyName:Quicksand
StyleName:Medium
MenuName:Quicksand Medium
StyleBits:0
WeightClass:500
WidthClass:5
AngleClass:0
FullName:Quicksand Medium
WritingScript:Roman
OutlineFileName:/Users/abraham/Documents/InDesign/MassArt Thesis Catalog 21 Folder/gitVersion/MassArt-Thesis-Catalog-21-Folder/Document fonts/Quicksand-Medium.ttf
DataFormat:sfntData
hasSVG:no
VariableFontType:NonVariableFont
FileLength:77464
FileModTime:722985625
NameArray:0,Win,1,Quicksand Medium
NameArray:0,Win,16,Quicksand
%EndFont

%BeginFont
Handler:DirectoryHandler
FontType:TrueType
FontName:Quicksand-Regular
FamilyName:Quicksand
StyleName:Regular
MenuName:Quicksand
StyleBits:0
WeightClass:400
WidthClass:5
AngleClass:0
FullName:Quicksand Regular
WritingScript:Roman
OutlineFileName:/Users/abraham/Documents/InDesign/MassArt Thesis Catalog 21 Folder/gitVersion/MassArt-Thesis-Catalog-21-Folder/Document fonts/Quicksand-Regular.ttf
DataFormat:sfntData
hasSVG:no
VariableFontType:NonVariableFont
FileLength:77420
FileModTime:722985625
NameArray:0,Win,1,Quicksand
%EndFont

%BeginFont
Handler:DirectoryHandler
FontType:TrueType
FontName:Quicksand-SemiBold
FamilyName:Quicksand
StyleName:SemiBold
MenuName:Quicksand SemiBold
StyleBits:0
WeightClass:600
WidthClass:5
AngleClass:0
FullName:Quicksand SemiBold
WritingScript:Roman
OutlineFileName:/Users/abraham/Documents/InDesign/MassArt Thesis Catalog 21 Folder/gitVersion/MassArt-Thesis-Catalog-21-Folder/Document fonts/Quicksand-SemiBold.ttf
DataFormat:sfntData
hasSVG:no
VariableFontType:NonVariableFont
FileLength:77396
FileModTime:722985625
NameArray:0,Win,1,Quicksand SemiBold
NameArray:0,Win,16,Quicksand
%EndFont

